Determining if the function wsyncup exists in the /usr/lib/x86_64-linux-gnu/libcurses.so passed with the following output:
Change Dir: /home/wenjing/DATA/Detection_3D-data_multi_stories/data3d/suncg_utils/cmake-3.13.2/Source/Checks/Curses-build/CMakeFiles/CMakeTmp

Run Build Command:"/usr/bin/make" "cmTC_c676f/fast"
make -f CMakeFiles/cmTC_c676f.dir/build.make CMakeFiles/cmTC_c676f.dir/build
make[1]: Entering directory '/home/wenjing/DATA/Detection_3D-data_multi_stories/data3d/suncg_utils/cmake-3.13.2/Source/Checks/Curses-build/CMakeFiles/CMakeTmp'
Building C object CMakeFiles/cmTC_c676f.dir/CheckFunctionExists.c.o
/usr/bin/gcc   -DCHECK_FUNCTION_EXISTS=wsyncup   -o CMakeFiles/cmTC_c676f.dir/CheckFunctionExists.c.o   -c /home/wenjing/DATA/Detection_3D-data_multi_stories/data3d/suncg_utils/cmake-3.13.2/Modules/CheckFunctionExists.c
Linking C executable cmTC_c676f
/home/wenjing/DATA/Detection_3D-data_multi_stories/data3d/suncg_utils/cmake-3.13.2/Bootstrap.cmk/cmake -E cmake_link_script CMakeFiles/cmTC_c676f.dir/link.txt --verbose=1
/usr/bin/gcc  -DCHECK_FUNCTION_EXISTS=wsyncup    -rdynamic CMakeFiles/cmTC_c676f.dir/CheckFunctionExists.c.o  -o cmTC_c676f -lcurses 
make[1]: Leaving directory '/home/wenjing/DATA/Detection_3D-data_multi_stories/data3d/suncg_utils/cmake-3.13.2/Source/Checks/Curses-build/CMakeFiles/CMakeTmp'


Determining if the function cbreak exists in the /usr/lib/x86_64-linux-gnu/libncurses.so passed with the following output:
Change Dir: /home/wenjing/DATA/Detection_3D-data_multi_stories/data3d/suncg_utils/cmake-3.13.2/Source/Checks/Curses-build/CMakeFiles/CMakeTmp

Run Build Command:"/usr/bin/make" "cmTC_74084/fast"
make -f CMakeFiles/cmTC_74084.dir/build.make CMakeFiles/cmTC_74084.dir/build
make[1]: Entering directory '/home/wenjing/DATA/Detection_3D-data_multi_stories/data3d/suncg_utils/cmake-3.13.2/Source/Checks/Curses-build/CMakeFiles/CMakeTmp'
Building C object CMakeFiles/cmTC_74084.dir/CheckFunctionExists.c.o
/usr/bin/gcc   -DCHECK_FUNCTION_EXISTS=cbreak   -o CMakeFiles/cmTC_74084.dir/CheckFunctionExists.c.o   -c /home/wenjing/DATA/Detection_3D-data_multi_stories/data3d/suncg_utils/cmake-3.13.2/Modules/CheckFunctionExists.c
Linking C executable cmTC_74084
/home/wenjing/DATA/Detection_3D-data_multi_stories/data3d/suncg_utils/cmake-3.13.2/Bootstrap.cmk/cmake -E cmake_link_script CMakeFiles/cmTC_74084.dir/link.txt --verbose=1
/usr/bin/gcc  -DCHECK_FUNCTION_EXISTS=cbreak    -rdynamic CMakeFiles/cmTC_74084.dir/CheckFunctionExists.c.o  -o cmTC_74084 -lncurses 
make[1]: Leaving directory '/home/wenjing/DATA/Detection_3D-data_multi_stories/data3d/suncg_utils/cmake-3.13.2/Source/Checks/Curses-build/CMakeFiles/CMakeTmp'


